<?xml version="1.0" encoding="UTF-8"?>
<!-- Generated by org.testng.reporters.JUnitReportReporter -->
<testsuite skipped="0" hostname="Shivas-MacBook-Pro.local" name="interviewQandA.WinHandlings" tests="1" failures="0" timestamp="17 Sep 2020 04:47:05 GMT" time="11.468" errors="0">
  <testcase name="m8" time="11.468" classname="interviewQandA.WinHandlings"/>
</testsuite> <!-- interviewQandA.WinHandlings -->
