<?xml version="1.0" encoding="UTF-8"?>
<!-- Generated by org.testng.reporters.JUnitReportReporter -->
<testsuite skipped="0" hostname="Shivas-MacBook-Pro.local" name="interviewQandA.ChromeTest" tests="1" failures="0" timestamp="16 Sep 2020 05:14:08 GMT" time="47.961" errors="0">
  <testcase name="test" time="47.961" classname="interviewQandA.ChromeTest"/>
</testsuite> <!-- interviewQandA.ChromeTest -->
