<?xml version="1.0" encoding="UTF-8"?>
<!-- Generated by org.testng.reporters.JUnitReportReporter -->
<testsuite skipped="1" hostname="Shivas-MacBook-Pro.local" name="listeners.TestNGListnerDemo" tests="3" failures="0" timestamp="17 Sep 2020 10:18:11 GMT" time="0.018" errors="0">
  <testcase name="test2" time="0.003" classname="listeners.TestNGListnerDemo"/>
  <testcase name="test3" time="0.004" classname="listeners.TestNGListnerDemo">
    <skipped/>
  </testcase> <!-- test3 -->
  <testcase name="test1" time="0.011" classname="listeners.TestNGListnerDemo"/>
</testsuite> <!-- listeners.TestNGListnerDemo -->
